<?xml version="1.0" encoding="UTF-8"?>
<!-- Generated by org.testng.reporters.JUnitReportReporter -->
<testsuite hostname="DESKTOP-BTMAPVI" failures="0" tests="1" name="com.orangehrmappchild.NewTest" time="0.014" errors="0" timestamp="2022-03-28T15:03:25 IST" skipped="0">
  <testcase classname="com.orangehrmappchild.NewTest" name="f" time="0.014"/>
  <system-out/>
</testsuite> <!-- com.orangehrmappchild.NewTest -->
