<?xml version="1.0" encoding="UTF-8"?>
<!-- Generated by org.testng.reporters.JUnitReportReporter -->
<testsuite hostname="DESKTOP-BTMAPVI" failures="0" tests="2" name="com.orangehrmappchild.DashboardChild" time="151.662" errors="0" timestamp="2022-03-23T16:54:34 IST" skipped="0">
  <testcase classname="com.orangehrmappchild.DashboardChild" name="loginorangehrm" time="149.292"/>
  <system-out/>
  <testcase classname="com.orangehrmappchild.DashboardChild" name="verifyDashboardpanel" time="2.370"/>
  <system-out/>
</testsuite> <!-- com.orangehrmappchild.DashboardChild -->
