<?xml version="1.0" encoding="UTF-8"?>
<!-- Generated by org.testng.reporters.JUnitReportReporter -->
<testsuite hostname="DESKTOP-BTMAPVI" failures="0" tests="1" name="com.orangehrmappchild.AddVacanciesChild" time="13.774" errors="0" timestamp="2022-04-01T12:32:20 IST" skipped="0">
  <testcase classname="com.orangehrmappchild.AddVacanciesChild" name="loginorangehrm" time="13.774"/>
  <system-out/>
</testsuite> <!-- com.orangehrmappchild.AddVacanciesChild -->
