<?xml version="1.0" encoding="UTF-8"?>
<!-- Generated by org.testng.reporters.JUnitReportReporter -->
<testsuite hostname="DESKTOP-BTMAPVI" failures="0" tests="2" name="com.orangehrmappchild.LoginChild3" time="19.906" errors="0" timestamp="2022-03-23T16:21:13 IST" skipped="0">
  <testcase classname="com.orangehrmappchild.LoginChild3" name="LC3loginorangehrm" time="19.092"/>
  <system-out/>
  <testcase classname="com.orangehrmappchild.LoginChild3" name="LC3loginorangehrm3" time="0.814"/>
  <system-out/>
</testsuite> <!-- com.orangehrmappchild.LoginChild3 -->
