<?xml version="1.0" encoding="UTF-8"?>
<!-- Generated by org.testng.reporters.JUnitReportReporter -->
<testsuite hostname="DESKTOP-BTMAPVI" failures="0" tests="2" name="com.orangehrmappchild.NationalityChild" time="14.300" errors="0" timestamp="2022-03-30T17:45:08 IST" skipped="0">
  <testcase classname="com.orangehrmappchild.NationalityChild" name="loginorangehrm" time="10.401"/>
  <system-out/>
  <testcase classname="com.orangehrmappchild.NationalityChild" name="nationalitypage1" time="3.899"/>
  <system-out/>
</testsuite> <!-- com.orangehrmappchild.NationalityChild -->
