<?xml version="1.0" encoding="UTF-8"?>
<!-- Generated by org.testng.reporters.JUnitReportReporter -->
<testsuite hostname="DESKTOP-BTMAPVI" failures="0" tests="1" name="com.orangehrmappchild.LoginPage" time="12.805" errors="0" timestamp="2022-03-16T17:10:34 IST" skipped="0">
  <testcase classname="com.orangehrmappchild.LoginPage" name="loginorangehrm" time="12.805"/>
  <system-out/>
</testsuite> <!-- com.orangehrmappchild.LoginPage -->
