<?xml version="1.0" encoding="UTF-8"?>
<!-- Generated by org.testng.reporters.JUnitReportReporter -->
<testsuite hostname="DESKTOP-BTMAPVI" failures="0" tests="2" name="com.orangehrmappchild.InvalidDtWarnMsgChild" time="17.621" errors="0" timestamp="2022-04-01T12:32:20 IST" skipped="0">
  <testcase classname="com.orangehrmappchild.InvalidDtWarnMsgChild" name="loginorangehrm" time="14.195"/>
  <system-out/>
  <testcase classname="com.orangehrmappchild.InvalidDtWarnMsgChild" name="warningmeassage" time="3.426"/>
  <system-out/>
</testsuite> <!-- com.orangehrmappchild.InvalidDtWarnMsgChild -->
