<?xml version="1.0" encoding="UTF-8"?>
<!-- Generated by org.testng.reporters.JUnitReportReporter -->
<testsuite hostname="DESKTOP-BTMAPVI" failures="0" tests="1" name="com.orangehrmappchild.LoginChild" time="19.368" errors="0" timestamp="2022-03-21T20:34:43 IST" skipped="0">
  <testcase classname="com.orangehrmappchild.LoginChild" name="loginorangehrm1" time="19.368"/>
  <system-out/>
</testsuite> <!-- com.orangehrmappchild.LoginChild -->
